D:\gitproject\WebPV\WebPV\WebPV\Debug\cl.command.1.tlog
D:\gitproject\WebPV\WebPV\WebPV\Debug\CL.read.1.tlog
D:\gitproject\WebPV\WebPV\WebPV\Debug\CL.write.1.tlog
D:\gitproject\WebPV\WebPV\WebPV\Debug\custombuild.command.1.tlog
D:\gitproject\WebPV\WebPV\WebPV\Debug\custombuild.read.1.tlog
D:\gitproject\WebPV\WebPV\WebPV\Debug\custombuild.write.1.tlog
D:\GITPROJECT\WEBPV\WEBPV\WEBPV\DEBUG\GETREQUEST.OBJ
D:\gitproject\WebPV\WebPV\WebPV\Debug\link.command.1.tlog
D:\gitproject\WebPV\WebPV\WebPV\Debug\link.read.1.tlog
D:\gitproject\WebPV\WebPV\WebPV\Debug\link.write.1.tlog
D:\GITPROJECT\WEBPV\WEBPV\WEBPV\DEBUG\MAIN.OBJ
D:\GITPROJECT\WEBPV\WEBPV\WEBPV\DEBUG\MOC_GETREQUEST.OBJ
D:\GITPROJECT\WEBPV\WEBPV\WEBPV\DEBUG\MOC_WEBPV.OBJ
D:\gitproject\WebPV\WebPV\WebPV\Debug\mt.command.1.tlog
D:\gitproject\WebPV\WebPV\WebPV\Debug\mt.read.1.tlog
D:\gitproject\WebPV\WebPV\WebPV\Debug\mt.write.1.tlog
D:\GITPROJECT\WEBPV\WEBPV\WEBPV\DEBUG\QRC_WEBPV.OBJ
D:\GITPROJECT\WEBPV\WEBPV\WEBPV\DEBUG\VC100.PDB
D:\GITPROJECT\WEBPV\WEBPV\WEBPV\DEBUG\WEBPV.EXE.INTERMEDIATE.MANIFEST
D:\GITPROJECT\WEBPV\WEBPV\WEBPV\DEBUG\WEBPV.OBJ
D:\gitproject\WebPV\WebPV\WebPV\Debug\WebPV.write.1.tlog
D:\GITPROJECT\WEBPV\WEBPV\WEBPV\GENERATEDFILES\DEBUG\MOC_GETREQUEST.CPP
D:\GITPROJECT\WEBPV\WEBPV\WEBPV\GENERATEDFILES\DEBUG\MOC_WEBPV.CPP
D:\GITPROJECT\WEBPV\WEBPV\WEBPV\GENERATEDFILES\QRC_WEBPV.CPP
D:\GITPROJECT\WEBPV\WEBPV\WEBPV\GENERATEDFILES\UI_WEBPV.H
D:\GITPROJECT\WEBPV\WEBPV\WIN32\DEBUG\WEBPV.EXE
D:\GITPROJECT\WEBPV\WEBPV\WIN32\DEBUG\WEBPV.ILK
D:\GITPROJECT\WEBPV\WEBPV\WIN32\DEBUG\WEBPV.PDB
